{"metadata": {"dbt_schema_version": "https://schemas.getdbt.com/dbt/run-results/v4.json", "dbt_version": "1.4.8", "generated_at": "2023-10-02T17:43:14.458341Z", "invocation_id": "15314e20-88fc-404d-affd-afb093f1cadb", "env": {}}, "results": [{"status": "success", "timing": [{"name": "compile", "started_at": "2023-10-02T17:43:12.643236Z", "completed_at": "2023-10-02T17:43:12.646227Z"}, {"name": "execute", "started_at": "2023-10-02T17:43:12.647228Z", "completed_at": "2023-10-02T17:43:13.600762Z"}], "thread_id": "Thread-1 (worker)", "execution_time": 0.9585151672363281, "adapter_response": {"_message": "OK"}, "message": "OK", "failures": null, "unique_id": "model.travelata.my_first_dbt_model"}, {"status": "error", "timing": [], "thread_id": "Thread-1 (worker)", "execution_time": 0.07593536376953125, "adapter_response": {}, "message": "Database Error in model normalized_sheets_appmetrica_events (models\\1_normalize\\normalized_sheets_appmetrica_events.sql)\n  :HTTPDriver for http://localhost:8123 returned response code 404)\n   Code: 60. DB::Exception: Table travelata._airbyte_raw_sheets_appmetrica_travelata_events doesn't exist. (UNKNOWN_TABLE) (version 23.3.13.6 (official build))\n  compiled Code at target\\run\\travelata\\models\\1_normalize\\normalized_sheets_appmetrica_events.sql", "failures": null, "unique_id": "model.travelata.normalized_sheets_appmetrica_events"}, {"status": "error", "timing": [], "thread_id": "Thread-1 (worker)", "execution_time": 0.058840274810791016, "adapter_response": {}, "message": "Database Error in model normalized_sheets_appmetrica_install (models\\1_normalize\\normalized_sheets_appmetrica_install.sql)\n  :HTTPDriver for http://localhost:8123 returned response code 404)\n   Code: 60. DB::Exception: Table travelata._airbyte_raw_sheets_appmetrica_travelata_install doesn't exist. (UNKNOWN_TABLE) (version 23.3.13.6 (official build))\n  compiled Code at target\\run\\travelata\\models\\1_normalize\\normalized_sheets_appmetrica_install.sql", "failures": null, "unique_id": "model.travelata.normalized_sheets_appmetrica_install"}, {"status": "error", "timing": [], "thread_id": "Thread-1 (worker)", "execution_time": 0.06718564033508301, "adapter_response": {}, "message": "Database Error in model normalized_sheets_appmetrica_profiles (models\\1_normalize\\normalized_sheets_appmetrica_profiles.sql)\n  :HTTPDriver for http://localhost:8123 returned response code 404)\n   Code: 60. DB::Exception: Table travelata._airbyte_raw_sheets_appmetrica_travelata_profiles doesn't exist. (UNKNOWN_TABLE) (version 23.3.13.6 (official build))\n  compiled Code at target\\run\\travelata\\models\\1_normalize\\normalized_sheets_appmetrica_profiles.sql", "failures": null, "unique_id": "model.travelata.normalized_sheets_appmetrica_profiles"}, {"status": "error", "timing": [], "thread_id": "Thread-1 (worker)", "execution_time": 0.06680512428283691, "adapter_response": {}, "message": "Database Error in model normalized_sheets_utmcraft_utmresult (models\\1_normalize\\normalized_sheets_utmcraft_utmresult.sql)\n  :HTTPDriver for http://localhost:8123 returned response code 500)\n   Code: 44. DB::Exception: Cannot add column utm_hashcode: column with this name already exists. (ILLEGAL_COLUMN) (version 23.3.13.6 (official build))\n  compiled Code at target\\run\\travelata\\models\\1_normalize\\normalized_sheets_utmcraft_utmresult.sql", "failures": null, "unique_id": "model.travelata.normalized_sheets_utmcraft_utmresult"}, {"status": "success", "timing": [{"name": "compile", "started_at": "2023-10-02T17:43:13.885767Z", "completed_at": "2023-10-02T17:43:13.887844Z"}, {"name": "execute", "started_at": "2023-10-02T17:43:13.888885Z", "completed_at": "2023-10-02T17:43:13.944694Z"}], "thread_id": "Thread-1 (worker)", "execution_time": 0.060986995697021484, "adapter_response": {"_message": "OK"}, "message": "OK", "failures": null, "unique_id": "model.travelata.normalized_sheets_vkads_adgroupsstatistics"}, {"status": "success", "timing": [{"name": "compile", "started_at": "2023-10-02T17:43:13.948694Z", "completed_at": "2023-10-02T17:43:13.950694Z"}, {"name": "execute", "started_at": "2023-10-02T17:43:13.951695Z", "completed_at": "2023-10-02T17:43:14.003071Z"}], "thread_id": "Thread-1 (worker)", "execution_time": 0.05637693405151367, "adapter_response": {"_message": "OK"}, "message": "OK", "failures": null, "unique_id": "model.travelata.normalized_sheets_vkads_adplansstatistics"}, {"status": "success", "timing": [{"name": "compile", "started_at": "2023-10-02T17:43:14.007073Z", "completed_at": "2023-10-02T17:43:14.010072Z"}, {"name": "execute", "started_at": "2023-10-02T17:43:14.010072Z", "completed_at": "2023-10-02T17:43:14.063579Z"}], "thread_id": "Thread-1 (worker)", "execution_time": 0.05823063850402832, "adapter_response": {"_message": "OK"}, "message": "OK", "failures": null, "unique_id": "model.travelata.normalized_sheets_vkads_bannersstatistics"}, {"status": "error", "timing": [], "thread_id": "Thread-1 (worker)", "execution_time": 0.05652570724487305, "adapter_response": {}, "message": "Database Error in model test (models\\1_normalize\\test.sql)\n  :HTTPDriver for http://localhost:8123 returned response code 400)\n   Code: 62. DB::Exception: Syntax error: failed at position 188 (')') (line 8, col 3): ). Expected one of: SELECT query, possibly with UNION, list of union elements, SELECT query, subquery, possibly with UNION, SELECT subquery, SELECT query, WITH, FROM, SELECT, EXPLAIN. (SYNTAX_ERROR) (version 23.3.13.6 (official build))\n  compiled Code at target\\run\\travelata\\models\\1_normalize\\test.sql", "failures": null, "unique_id": "model.travelata.test"}, {"status": "success", "timing": [{"name": "compile", "started_at": "2023-10-02T17:43:14.126795Z", "completed_at": "2023-10-02T17:43:14.129795Z"}, {"name": "execute", "started_at": "2023-10-02T17:43:14.129795Z", "completed_at": "2023-10-02T17:43:14.451340Z"}], "thread_id": "Thread-1 (worker)", "execution_time": 0.3255441188812256, "adapter_response": {"_message": "OK"}, "message": "OK", "failures": null, "unique_id": "model.travelata.my_second_dbt_model"}], "elapsed_time": 3.165104389190674, "args": {"write_json": true, "use_colors": true, "printer_width": 80, "version_check": true, "partial_parse": true, "static_parser": true, "profiles_dir": "C:\\Users\\pocel\\.dbt", "send_anonymous_usage_stats": true, "quiet": false, "no_print": false, "cache_selected_only": false, "which": "run", "rpc_method": "run", "indirect_selection": "eager"}}